# JRE version: Java(TM) SE Runtime Environment (21.0+35) (build 21+35-LTS-2513)
# Java VM: Java HotSpot(TM) 64-Bit Server VM (21+35-LTS-2513, mixed mode, sharing, tiered, compressed oops, compressed class ptrs, g1 gc, windows-amd64)
GC Precious Log:
 CardTable entry size: 512
 Card Set container configuration: InlinePtr #cards 5 size 8 Array Of Cards #cards 12 size 40 Howl #buckets 4 coarsen threshold 1843 Howl Bitmap #cards 512 size 80 coarsen threshold 460 Card regions per heap region 1 cards per card region 2048
 CPUs: 8 total, 8 available
 Memory: 7833M
 Large Page Support: Disabled
 NUMA Support: Disabled
 Compressed Oops: Enabled (32-bit)
 Heap Region Size: 1M
 Heap Min Capacity: 8M
 Heap Initial Capacity: 124M
 Heap Max Capacity: 1960M
 Pre-touch: Disabled
 Parallel Workers: 8
 Concurrent Workers: 2
 Concurrent Refinement Workers: 8
 Periodic GC: Disabled
Heap:
 garbage-first heap   total 65536K, used 50381K [0x0000000085800000, 0x0000000100000000)
  region size 1024K, 31 young (31744K), 3 survivors (3072K)
 Metaspace       used 31335K, committed 31808K, reserved 1114112K
  class space    used 4142K, committed 4352K, reserved 1048576K
GC Heap History (13 events):
Event: 0.764 GC heap before
{Heap before GC invocations=0 (full 0):
 garbage-first heap   total 126976K, used 25600K [0x0000000085800000, 0x0000000100000000)
  region size 1024K, 23 young (23552K), 0 survivors (0K)
 Metaspace       used 3904K, committed 4032K, reserved 1114112K
  class space    used 427K, committed 448K, reserved 1048576K
}
Event: 0.774 GC heap after
{Heap after GC invocations=1 (full 0):
 garbage-first heap   total 126976K, used 10624K [0x0000000085800000, 0x0000000100000000)
  region size 1024K, 3 young (3072K), 3 survivors (3072K)
 Metaspace       used 3904K, committed 4032K, reserved 1114112K
  class space    used 427K, committed 448K, reserved 1048576K
}
Event: 1.772 GC heap before
{Heap before GC invocations=1 (full 0):
 garbage-first heap   total 126976K, used 34176K [0x0000000085800000, 0x0000000100000000)
  region size 1024K, 26 young (26624K), 3 survivors (3072K)
 Metaspace       used 10501K, committed 10752K, reserved 1114112K
  class space    used 1292K, committed 1408K, reserved 1048576K
}
Event: 1.784 GC heap after
{Heap after GC invocations=2 (full 0):
 garbage-first heap   total 126976K, used 12917K [0x0000000085800000, 0x0000000100000000)
  region size 1024K, 2 young (2048K), 2 survivors (2048K)
 Metaspace       used 10501K, committed 10752K, reserved 1114112K
  class space    used 1292K, committed 1408K, reserved 1048576K
}
Event: 2.847 GC heap before
{Heap before GC invocations=2 (full 0):
 garbage-first heap   total 126976K, used 55925K [0x0000000085800000, 0x0000000100000000)
  region size 1024K, 45 young (46080K), 2 survivors (2048K)
 Metaspace       used 20785K, committed 21120K, reserved 1114112K
  class space    used 2676K, committed 2816K, reserved 1048576K
}
Event: 2.854 GC heap after
{Heap after GC invocations=3 (full 0):
 garbage-first heap   total 126976K, used 15593K [0x0000000085800000, 0x0000000100000000)
  region size 1024K, 5 young (5120K), 5 survivors (5120K)
 Metaspace       used 20785K, committed 21120K, reserved 1114112K
  class space    used 2676K, committed 2816K, reserved 1048576K
}
Event: 2.888 GC heap before
{Heap before GC invocations=3 (full 0):
 garbage-first heap   total 126976K, used 18665K [0x0000000085800000, 0x0000000100000000)
  region size 1024K, 9 young (9216K), 5 survivors (5120K)
 Metaspace       used 21185K, committed 21568K, reserved 1114112K
  class space    used 2717K, committed 2880K, reserved 1048576K
}
Event: 2.894 GC heap after
{Heap after GC invocations=4 (full 0):
 garbage-first heap   total 126976K, used 16544K [0x0000000085800000, 0x0000000100000000)
  region size 1024K, 6 young (6144K), 6 survivors (6144K)
 Metaspace       used 21185K, committed 21568K, reserved 1114112K
  class space    used 2717K, committed 2880K, reserved 1048576K
}
Event: 3.732 GC heap before
{Heap before GC invocations=5 (full 0):
 garbage-first heap   total 65536K, used 48288K [0x0000000085800000, 0x0000000100000000)
  region size 1024K, 38 young (38912K), 6 survivors (6144K)
 Metaspace       used 24396K, committed 24704K, reserved 1114112K
  class space    used 3064K, committed 3200K, reserved 1048576K
}
Event: 3.744 GC heap after
{Heap after GC invocations=6 (full 0):
 garbage-first heap   total 65536K, used 20126K [0x0000000085800000, 0x0000000100000000)
  region size 1024K, 5 young (5120K), 5 survivors (5120K)
 Metaspace       used 24396K, committed 24704K, reserved 1114112K
  class space    used 3064K, committed 3200K, reserved 1048576K
}
Event: 4.518 GC heap before
{Heap before GC invocations=6 (full 0):
 garbage-first heap   total 65536K, used 47774K [0x0000000085800000, 0x0000000100000000)
  region size 1024K, 32 young (32768K), 5 survivors (5120K)
 Metaspace       used 27036K, committed 27392K, reserved 1114112K
  class space    used 3440K, committed 3584K, reserved 1048576K
}
Event: 4.535 GC heap after
{Heap after GC invocations=7 (full 0):
 garbage-first heap   total 65536K, used 21709K [0x0000000085800000, 0x0000000100000000)
  region size 1024K, 3 young (3072K), 3 survivors (3072K)
 Metaspace       used 27036K, committed 27392K, reserved 1114112K
  class space    used 3440K, committed 3584K, reserved 1048576K
}
Event: 5.455 GC heap before
{Heap before GC invocations=7 (full 0):
 garbage-first heap   total 65536K, used 50381K [0x0000000085800000, 0x0000000100000000)
  region size 1024K, 31 young (31744K), 3 survivors (3072K)
 Metaspace       used 31335K, committed 31808K, reserved 1114112K
  class space    used 4142K, committed 4352K, reserved 1048576K
}

